Using pre-set license
Built from '2020.2/staging' branch; Version is '2020.2.7f1 (c53830e277f1) revision 12924976'; Using compiler version '192528614'; Build Type 'Release'
OS: 'Windows 10 Pro; OS build 19042.1165; Version 2009; 64bit' Language: 'tr' Physical Memory: 16241 MB
BatchMode: 1, IsHumanControllingUs: 0, StartBugReporterOnCrash: 0, Is64bit: 1, IsPro: 0

 COMMAND LINE ARGUMENTS:
C:\Program Files\Unity\Hub\Editor\2020.2.7f1\Editor\Unity.exe
-adb2
-batchMode
-noUpm
-name
AssetImportWorker0
-projectPath
D:/Games/LegendaryRun
-logFile
Logs/AssetImportWorker0.log
-srvPort
58579
Successfully changed project path to: D:/Games/LegendaryRun
D:/Games/LegendaryRun
Using Asset Import Pipeline V2.
Refreshing native plugins compatible for Editor in 117.05 ms, found 13 plugins.
Preloading 0 native plugins for Editor in 0.00 ms.
Initialize engine version: 2020.2.7f1 (c53830e277f1)
[Subsystems] Discovering subsystems at path C:/Program Files/Unity/Hub/Editor/2020.2.7f1/Editor/Data/Resources/UnitySubsystems
[Subsystems] Discovering subsystems at path D:/Games/LegendaryRun/Assets
GfxDevice: creating device client; threaded=0
Direct3D:
    Version:  Direct3D 11.0 [level 11.1]
    Renderer: NVIDIA GeForce GTX 1650 (ID=0x1f91)
    Vendor:   
    VRAM:     3962 MB
    Driver:   26.21.14.4587
Initialize mono
Mono path[0] = 'C:/Program Files/Unity/Hub/Editor/2020.2.7f1/Editor/Data/Managed'
Mono path[1] = 'C:/Program Files/Unity/Hub/Editor/2020.2.7f1/Editor/Data/MonoBleedingEdge/lib/mono/unityjit'
Mono config path = 'C:/Program Files/Unity/Hub/Editor/2020.2.7f1/Editor/Data/MonoBleedingEdge/etc'
Using monoOptions --debugger-agent=transport=dt_socket,embedding=1,server=y,suspend=n,address=127.0.0.1:56276
Begin MonoManager ReloadAssembly
Registering precompiled unity dll's ...
Register platform support module: C:/Program Files/Unity/Hub/Editor/2020.2.7f1/Editor/Data/PlaybackEngines/WebGLSupport/UnityEditor.WebGL.Extensions.dll
Register platform support module: C:/Program Files/Unity/Hub/Editor/2020.2.7f1/Editor/Data/PlaybackEngines/WindowsStandaloneSupport/UnityEditor.WindowsStandalone.Extensions.dll
Registered in 0.002341 seconds.
Native extension for WindowsStandalone target not found
Native extension for WebGL target not found
Refreshing native plugins compatible for Editor in 112.46 ms, found 13 plugins.
Preloading 0 native plugins for Editor in 0.00 ms.
Invoked RoslynAnalysisRunner static constructor.
RoslynAnalysisRunner will not be running.
RoslynAnalysisRunner has terminated.
Mono: successfully reloaded assembly
- Completed reload, in  2.434 seconds
Platform modules already initialized, skipping
Registering precompiled user dll's ...
Registered in 0.003007 seconds.
Begin MonoManager ReloadAssembly
Native extension for WindowsStandalone target not found
Native extension for WebGL target not found
Refreshing native plugins compatible for Editor in 125.21 ms, found 13 plugins.
Preloading 0 native plugins for Editor in 0.00 ms.
Invoked RoslynAnalysisRunner static constructor.
RoslynAnalysisRunner will not be running.
RoslynAnalysisRunner has terminated.
Mono: successfully reloaded assembly
- Completed reload, in  1.016 seconds
Platform modules already initialized, skipping
========================================================================
Worker process is ready to serve import requests
Shader 'Universal Render Pipeline/Particles/Lit': fallback shader 'Universal Render Pipeline/Particles/SimpleLit' not found
Shader 'Universal Render Pipeline/Particles/Lit': fallback shader 'Universal Render Pipeline/Particles/SimpleLit' not found
Launched and connected shader compiler UnityShaderCompiler.exe after 0.04 seconds
Refreshing native plugins compatible for Editor in 1.57 ms, found 13 plugins.
Preloading 0 native plugins for Editor in 0.00 ms.
Unloading 2687 Unused Serialized files (Serialized files now loaded: 0)
System memory in use before: 205.0 MB.
System memory in use after: 202.8 MB.

Unloading 63 unused Assets to reduce memory usage. Loaded Objects now: 3089.
Total: 3.385400 ms (FindLiveObjects: 0.261800 ms CreateObjectMapping: 0.119100 ms MarkObjects: 1.643000 ms  DeleteObjects: 1.360200 ms)

========================================================================
Received Import Request.
  path: Assets/_GAME/Scripts/Heros/Controller/HeroControllerPlayer.cs
  artifactKey: Guid(095fbe8459ecdd44a9e51bdfc9fe06ce) Importer(815301076,1909f56bfc062723c751e8b465ee728b)
Start importing Assets/_GAME/Scripts/Heros/Controller/HeroControllerPlayer.cs using Guid(095fbe8459ecdd44a9e51bdfc9fe06ce) Importer(815301076,1909f56bfc062723c751e8b465ee728b)  -> (artifact id: 'fa71ff53ada038005117985ee7ce7791') in 0.039187 seconds
  Import took 0.044334 seconds .

========================================================================
Received Import Request.
  Time since last request: 0.000365 seconds.
  path: Assets/_GAME/Scripts/Heros/Controller/HeroControllerAI.cs
  artifactKey: Guid(140df58d2fc36c749b31fa83dd4bda51) Importer(815301076,1909f56bfc062723c751e8b465ee728b)
Start importing Assets/_GAME/Scripts/Heros/Controller/HeroControllerAI.cs using Guid(140df58d2fc36c749b31fa83dd4bda51) Importer(815301076,1909f56bfc062723c751e8b465ee728b)  -> (artifact id: 'f7de0c80525c9e1cac563baeab2c338c') in 0.004874 seconds
  Import took 0.009936 seconds .

========================================================================
Received Import Request.
  Time since last request: 0.000316 seconds.
  path: Assets/_GAME/Scripts/Heros/Controller/AHeroController.cs
  artifactKey: Guid(2645bd6188abe1449a64ccfd002f4ee6) Importer(815301076,1909f56bfc062723c751e8b465ee728b)
Start importing Assets/_GAME/Scripts/Heros/Controller/AHeroController.cs using Guid(2645bd6188abe1449a64ccfd002f4ee6) Importer(815301076,1909f56bfc062723c751e8b465ee728b)  -> (artifact id: 'd751107882eb61048c212fcee092d9e7') in 0.004613 seconds
  Import took 0.010949 seconds .

========================================================================
Received Prepare
Registering precompiled user dll's ...
Registered in 0.003182 seconds.
Begin MonoManager ReloadAssembly
Native extension for WindowsStandalone target not found
Native extension for WebGL target not found
Refreshing native plugins compatible for Editor in 1.41 ms, found 13 plugins.
Preloading 0 native plugins for Editor in 0.00 ms.
Invoked RoslynAnalysisRunner static constructor.
RoslynAnalysisRunner will not be running.
RoslynAnalysisRunner has terminated.
Mono: successfully reloaded assembly
- Completed reload, in  0.932 seconds
Platform modules already initialized, skipping
Switching build target platform(5) subTarget(0) extendedPlatform(0) -> platform(13) subTarget(537395200) extendedPlatform(0)
Shader 'Universal Render Pipeline/Particles/Lit': fallback shader 'Universal Render Pipeline/Particles/SimpleLit' not found
Shader 'Universal Render Pipeline/Particles/Lit': fallback shader 'Universal Render Pipeline/Particles/SimpleLit' not found
Refreshing native plugins compatible for Editor in 2.23 ms, found 13 plugins.
Preloading 0 native plugins for Editor in 0.00 ms.
Unloading 2596 Unused Serialized files (Serialized files now loaded: 0)
System memory in use before: 198.5 MB.
System memory in use after: 196.3 MB.

Unloading 58 unused Assets to reduce memory usage. Loaded Objects now: 3092.
Total: 3.462300 ms (FindLiveObjects: 0.337400 ms CreateObjectMapping: 0.144500 ms MarkObjects: 1.693600 ms  DeleteObjects: 1.285400 ms)

AssetImportParameters requested are different than current active one (requested -> active):
  custom:graphics/normal-map-encoding: 01000000000000000000000000000000 -> 02000000000000000000000000000000
========================================================================
Received Import Request.
  Time since last request: 11790.827479 seconds.
  path: Assets/_GAME/Scripts/Heros/Controller/HeroControllerPlayer.cs
  artifactKey: Guid(095fbe8459ecdd44a9e51bdfc9fe06ce) Importer(815301076,1909f56bfc062723c751e8b465ee728b)
Start importing Assets/_GAME/Scripts/Heros/Controller/HeroControllerPlayer.cs using Guid(095fbe8459ecdd44a9e51bdfc9fe06ce) Importer(815301076,1909f56bfc062723c751e8b465ee728b)  -> (artifact id: 'd61144c3caf859abc9a2250b1ddfb594') in 0.008714 seconds
  Import took 0.013956 seconds .

AssetImportWorkerClient::OnTransportError - code=2 error=End of file
